\BOOKMARK [1][-]{section.1}{\376\377\000A\000b\000s\000t\000a\000c\000t}{}% 1
\BOOKMARK [1][-]{section.2}{\376\377\000F\000o\000r\000o\000r\000d}{}% 2
\BOOKMARK [1][-]{section.3}{\376\377\000I\000n\000t\000r\000o\000d\000u\000k\000t\000i\000o\000n}{}% 3
\BOOKMARK [1][-]{section.4}{\376\377\000F\000u\000n\000d\000a\000m\000e\000n\000t\000a\000l\000e\000\040\000k\000o\000n\000c\000e\000p\000t\000e\000r}{}% 4
\BOOKMARK [2][-]{subsection.4.1}{\376\377\000I\000n\000t\000r\000o\000d\000u\000k\000t\000i\000o\000n\000\040\000t\000i\000l\000\040\000F\000u\000n\000k\000t\000i\000o\000n\000s\000\040\000P\000r\000o\000g\000r\000a\000m\000m\000e\000r\000i\000n\000g}{section.4}% 5
\BOOKMARK [2][-]{subsection.4.2}{\376\377\000T\000y\000p\000e\000r}{section.4}% 6
\BOOKMARK [3][-]{subsubsection.4.2.1}{\376\377\000I\000n\000d\000u\000k\000t\000i\000v\000t\000\040\000d\000e\000f\000i\000n\000e\000r\000e\000d\000e\000\040\000t\000y\000p\000e\000r}{subsection.4.2}% 7
\BOOKMARK [2][-]{subsection.4.3}{\376\377\000P\000r\000o\000p\000e\000r\000t\000y\000\040\000B\000a\000s\000e\000d\000\040\000T\000e\000s\000t\000i\000n\000g}{section.4}% 8
\BOOKMARK [2][-]{subsection.4.4}{\376\377\000O\000v\000e\000r\000s\000k\000r\000i\000v\000n\000i\000n\000g\000\040\000a\000f\000\040\000o\000p\000e\000r\000a\000t\000o\000r\000e\000r}{section.4}% 9
\BOOKMARK [2][-]{subsection.4.5}{\376\377\000S\000i\000g\000n\000a\000t\000u\000r\000f\000i\000l\000e\000r\000\040\000o\000g\000\040\000i\000m\000p\000l\000e\000m\000e\000n\000t\000e\000r\000i\000n\000g\000s\000f\000i\000l\000e\000r}{section.4}% 10
\BOOKMARK [2][-]{subsection.4.6}{\376\377\000R\000\346\000s\000o\000n\000n\000e\000r\000i\000n\000g\000\040\000o\000m\000k\000r\000i\000n\000g\000\040\000k\000o\000r\000r\000e\000k\000t\000h\000e\000d}{section.4}% 11
\BOOKMARK [1][-]{section.5}{\376\377\000S\000y\000m\000b\000o\000l\000s\000k\000e\000\040\000u\000d\000t\000r\000y\000k}{}% 12
\BOOKMARK [2][-]{subsection.5.1}{\376\377\000T\000a\000l\000\040\000m\000\346\000n\000g\000d\000e\000r}{section.5}% 13
\BOOKMARK [3][-]{subsubsection.5.1.1}{\376\377\000R\000a\000t\000i\000o\000n\000e\000l\000l\000e\000\040\000t\000a\000l\000\040\000m\000o\000d\000u\000l}{subsection.5.1}% 14
\BOOKMARK [3][-]{subsubsection.5.1.2}{\376\377\000K\000o\000m\000p\000l\000e\000k\000s\000e\000\040\000t\000a\000l\000-\000m\000o\000d\000u\000l}{subsection.5.1}% 15
\BOOKMARK [3][-]{subsubsection.5.1.3}{\376\377\000T\000a\000l\000\040\000m\000o\000d\000u\000l\000e\000t}{subsection.5.1}% 16
\BOOKMARK [2][-]{subsection.5.2}{\376\377\000M\000a\000t\000e\000m\000a\000t\000i\000s\000k\000e\000\040\000u\000d\000t\000r\000y\000k}{section.5}% 17
\BOOKMARK [3][-]{subsubsection.5.2.1}{\376\377\000P\000o\000l\000s\000k\000\040\000n\000o\000t\000a\000t\000i\000o\000n}{subsection.5.2}% 18
\BOOKMARK [3][-]{subsubsection.5.2.2}{\376\377\000U\000d\000t\000r\000y\000k\000\040\000s\000o\000m\000\040\000t\000r\000\346\000e\000r}{subsection.5.2}% 19
\BOOKMARK [3][-]{subsubsection.5.2.3}{\376\377\000U\000d\000t\000r\000y\000k\000s\000m\000o\000d\000u\000l\000e\000t}{subsection.5.2}% 20
\BOOKMARK [2][-]{subsection.5.3}{\376\377\000E\000v\000a\000l\000u\000e\000r\000i\000n\000g\000\040\000a\000f\000\040\000u\000d\000t\000r\000y\000k}{section.5}% 21
\BOOKMARK [2][-]{subsection.5.4}{\376\377\000K\000o\000n\000v\000e\000n\000t\000e\000r\000i\000n\000g\000\040\000m\000e\000l\000l\000e\000m\000\040\000u\000d\000t\000r\000y\000k\000s\000f\000o\000r\000m\000e\000r}{section.5}% 22
\BOOKMARK [2][-]{subsection.5.5}{\376\377\000R\000e\000d\000u\000c\000e\000r\000i\000n\000g\000\040\000a\000f\000\040\000u\000d\000t\000r\000y\000k}{section.5}% 23
\BOOKMARK [2][-]{subsection.5.6}{\376\377\000D\000i\000f\000f\000e\000r\000e\000n\000t\000i\000e\000r\000i\000n\000g\000\040\000a\000f\000\040\000u\000d\000t\000r\000y\000k}{section.5}% 24
\BOOKMARK [2][-]{subsection.5.7}{\376\377\000M\000u\000l\000t\000i\000v\000a\000r\000i\000a\000b\000l\000e\000\040\000p\000o\000l\000y\000n\000o\000m\000i\000e\000r\000\040\000a\000f\000\040\000f\000\370\000r\000s\000t\000e\000\040\000g\000r\000a\000d}{section.5}% 25
\BOOKMARK [1][-]{section.6}{\376\377\000V\000e\000k\000t\000o\000r\000e\000r\000\040\000o\000g\000\040\000M\000a\000t\000r\000i\000c\000e\000r}{}% 26
\BOOKMARK [2][-]{subsection.6.1}{\376\377\000M\000a\000t\000r\000i\000x\000\040\000o\000p\000e\000r\000a\000t\000i\000o\000n\000e\000r}{section.6}% 27
\BOOKMARK [2][-]{subsection.6.2}{\376\377\000M\000a\000t\000e\000m\000a\000t\000i\000s\000k\000e\000\040\000o\000p\000e\000r\000a\000t\000i\000o\000n\000e\000r}{section.6}% 28
\BOOKMARK [3][-]{subsubsection.6.2.1}{\376\377\000S\000k\000a\000l\000e\000r\000i\000n\000g\000\040\000a\000f\000\040\000e\000n\000\040\000m\000a\000t\000r\000i\000x}{subsection.6.2}% 29
\BOOKMARK [3][-]{subsubsection.6.2.2}{\376\377\000A\000d\000d\000i\000t\000i\000o\000n\000\040\000a\000f\000\040\000m\000a\000t\000r\000i\000c\000e\000r}{subsection.6.2}% 30
\BOOKMARK [3][-]{subsubsection.6.2.3}{\376\377\000M\000a\000t\000r\000i\000x\000\040\000p\000r\000o\000d\000u\000k\000t}{subsection.6.2}% 31
\BOOKMARK [3][-]{subsubsection.6.2.4}{\376\377\000P\000r\000o\000j\000e\000k\000t\000i\000o\000n\000\040\000a\000f\000\040\000e\000n\000\040\000v\000e\000k\000t\000o\000r}{subsection.6.2}% 32
\BOOKMARK [2][-]{subsection.6.3}{\376\377\000G\000r\000a\000m\000-\000S\000c\000h\000m\000i\000d\000t}{section.6}% 33
\BOOKMARK [2][-]{subsection.6.4}{\376\377\000R\000\346\000k\000k\000e\000-\000e\000c\000h\000e\000l\000o\000n\000\040\000f\000o\000r\000m}{section.6}% 34
\BOOKMARK [2][-]{subsection.6.5}{\376\377\000L\000i\000n\000e\000\346\000r\000t\000\040\000l\000i\000g\000n\000i\000n\000g\000s\000s\000y\000s\000t\000e\000m}{section.6}% 35
\BOOKMARK [1][-]{section.7}{\376\377\000P\000B\000T\000\040\000a\000f\000\040\000p\000r\000o\000g\000r\000a\000m\000m\000e\000t}{}% 36
\BOOKMARK [2][-]{subsection.7.1}{\376\377\000P\000B\000T\000\040\000a\000f\000\040\000u\000d\000t\000r\000y\000k}{section.7}% 37
\BOOKMARK [3][-]{subsubsection.7.1.1}{\376\377\000T\000a\000l\000\040\000m\000o\000d\000u\000l\000e\000t}{subsection.7.1}% 38
\BOOKMARK [3][-]{subsubsection.7.1.2}{\376\377\000H\000o\000m\000o\000m\000o\000r\000f\000i\000s\000m\000e\000\040\000a\000f\000\040\000e\000v\000a\000l\000u\000e\000r\000i\000n\000g}{subsection.7.1}% 39
\BOOKMARK [3][-]{subsubsection.7.1.3}{\376\377\000S\000i\000m\000p\000l\000i\000f\000i\000k\000a\000t\000i\000o\000n\000\040\000a\000f\000\040\000u\000d\000t\000r\000y\000k}{subsection.7.1}% 40
\BOOKMARK [3][-]{subsubsection.7.1.4}{\376\377\000I\000n\000v\000e\000r\000s\000\040\000m\000o\000r\000f\000i\000s\000m\000e\000\040\000m\000e\000l\000l\000e\000m\000\040\000i\000n\000f\000i\000x\000\040\000o\000g\000\040\000p\000r\000e\000f\000i\000x}{subsection.7.1}% 41
\BOOKMARK [3][-]{subsubsection.7.1.5}{\376\377\000D\000i\000f\000f\000e\000r\000e\000n\000t\000i\000e\000r\000i\000n\000g\000\040\000a\000f\000\040\000u\000d\000t\000r\000y\000k}{subsection.7.1}% 42
\BOOKMARK [2][-]{subsection.7.2}{\376\377\000P\000B\000T\000\040\000a\000f\000\040\000v\000e\000k\000t\000o\000r\000e\000r\000\040\000o\000g\000\040\000m\000a\000t\000r\000i\000c\000e\000r}{section.7}% 43
\BOOKMARK [3][-]{subsubsection.7.2.1}{\376\377\000P\000B\000T\000\040\000a\000f\000\040\000m\000a\000t\000r\000i\000x\000\040\000o\000p\000e\000r\000a\000t\000i\000o\000n\000e\000r}{subsection.7.2}% 44
\BOOKMARK [3][-]{subsubsection.7.2.2}{\376\377\000P\000B\000T\000\040\000a\000f\000\040\000G\000r\000a\000m\000-\000S\000c\000h\000m\000i\000d\000t}{subsection.7.2}% 45
\BOOKMARK [1][-]{section.8}{\376\377\000D\000i\000s\000k\000u\000s\000s\000i\000o\000n}{}% 46
\BOOKMARK [1][-]{section.9}{\376\377\000K\000o\000n\000k\000l\000u\000s\000i\000o\000n}{}% 47
\BOOKMARK [1][-]{section.10}{\376\377\000A\000p\000p\000e\000n\000d\000i\000k\000s}{}% 48
\BOOKMARK [2][-]{subsection.10.1}{\376\377\000c\000o\000m\000p\000l\000e\000x\000.\000f\000s\000i}{section.10}% 49
\BOOKMARK [2][-]{subsection.10.2}{\376\377\000T\000r\000e\000e\000G\000e\000n\000e\000r\000a\000t\000o\000r\000.\000f\000s}{section.10}% 50
\BOOKMARK [2][-]{subsection.10.3}{\376\377\000C\000o\000m\000m\000u\000t\000a\000t\000i\000v\000e\000A\000d\000d\000S\000u\000b\000.\000f\000s}{section.10}% 51
\BOOKMARK [2][-]{subsection.10.4}{\376\377\000C\000o\000m\000m\000u\000t\000a\000t\000i\000v\000e\000M\000u\000l\000D\000i\000v\000.\000f\000s}{section.10}% 52
\BOOKMARK [2][-]{subsection.10.5}{\376\377\000M\000a\000t\000r\000i\000x\000.\000f\000s}{section.10}% 53
